4
 ,4B,8B,16B,32B,64B,128B,256B,512B,1K,2K,4K,8K,16K,32K,64K,128K,256K,512K,1M,2M,4M,8M,16M,32M,
4K,4B,15	 1.7
,8B,15	 1.7
,16B,15	 1.8
,32B,15	 1.8
,64B,14	 1.3
,128B,12	 0.9
,256B,9	 0.5
,512B,6	 0.3
,1K,-3	 0.1
,2K,2	 0.1
,
8K,4B,16	 1.7
,8B,16	 1.7
,16B,16	 1.7
,32B,16	 1.7
,64B,16	 1.8
,128B,15	 1.3
,256B,13	 0.8
,512B,11	 0.6
,1K,7	 0.3
,2K,-4	 0.1
,4K,3	 0.1
,
16K,4B,17	 1.7
,8B,17	 1.7
,16B,17	 1.8
,32B,17	 1.8
,64B,17	 1.7
,128B,17	 1.7
,256B,16	 1.2
,512B,14	 0.8
,1K,11	 0.5
,2K,7	 0.2
,4K,-6	 0.1
,8K,3	 0.1
,
32K,4B,17	 1.6
,8B,17	 1.6
,16B,17	 1.6
,32B,17	 1.6
,64B,17	 1.7
,128B,17	 1.8
,256B,17	 1.8
,512B,16	 1.2
,1K,14	 0.8
,2K,12	 0.5
,4K,9	 0.3
,8K,-6	 0.1
,16K,4	 0.1
,
64K,4B,18	 1.7
,8B,18	 1.7
,16B,18	 1.7
,32B,18	 1.8
,64B,19	 3.2
,128B,19	 3.6
,256B,19	 3.6
,512B,19	 3.6
,1K,18	 2.5
,2K,17	 1.7
,4K,16	 1.1
,8K,9	 0.3
,16K,-6	 0.1
,32K,4	 0.1
,
128K,4B,18	 1.7
,8B,18	 1.7
,16B,18	 1.7
,32B,18	 1.7
,64B,19	 3.2
,128B,19	 3.7
,256B,19	 3.8
,512B,19	 3.8
,1K,19	 3.9
,2K,19	 3.0
,4K,18	 2.2
,8K,16	 1.1
,16K,9	 0.3
,32K,-6	 0.1
,64K,4	 0.1
,
256K,4B,18	 1.6
,8B,18	 1.7
,16B,18	 1.7
,32B,18	 1.8
,64B,19	 3.4
,128B,19	 3.9
,256B,20	 5.5
,512B,20	 5.8
,1K,20	 5.9
,2K,20	 7.7
,4K,19	 4.8
,8K,19	 2.8
,16K,16	 1.1
,32K,9	 0.3
,64K,-6	 0.1
,128K,4	 0.1
,
512K,4B,18	 1.7
,8B,18	 1.7
,16B,18	 1.8
,32B,18	 1.9
,64B,19	 3.5
,128B,19	 4.5
,256B,20	 6.7
,512B,20	 8.1
,1K,20	 9.6
,2K,20	11.4
,4K,20	12.1
,8K,20	 7.1
,16K,19	 3.8
,32K,18	 2.0
,64K,13	 0.7
,128K,-7	 0.1
,256K,4	 0.1
,
1M,4B,18	 1.7
,8B,18	 1.7
,16B,18	 1.7
,32B,18	 1.8
,64B,19	 3.4
,128B,19	 4.4
,256B,20	 6.9
,512B,20	 8.0
,1K,20	 9.4
,2K,20	11.4
,4K,20	12.7
,8K,20	11.8
,16K,20	 6.0
,32K,19	 3.6
,64K,18	 2.0
,128K,14	 0.8
,256K,-6	 0.1
,512K,4	 0.1
,
2M,4B,18	 1.7
,8B,18	 1.8
,16B,18	 1.8
,32B,18	 1.9
,64B,19	 3.7
,128B,19	 4.5
,256B,20	 7.1
,512B,20	 8.2
,1K,20	 9.6
,2K,20	11.7
,4K,20	12.8
,8K,20	12.8
,16K,20	12.4
,32K,20	 6.9
,64K,19	 3.8
,128K,18	 2.5
,256K,14	 0.8
,512K,-6	 0.1
,1M,4	 0.1
,
4M,4B,18	 1.7
,8B,18	 1.7
,16B,18	 1.7
,32B,18	 1.9
,64B,19	 3.4
,128B,19	 4.6
,256B,20	 7.1
,512B,20	 8.6
,1K,20	10.2
,2K,20	12.3
,4K,20	13.5
,8K,20	12.3
,16K,20	12.4
,32K,20	11.7
,64K,20	 6.9
,128K,19	 3.8
,256K,18	 2.0
,512K,14	 0.8
,1M,-7	 0.1
,2M,4	 0.1
,
8M,4B,18	 1.7
,8B,18	 1.7
,16B,18	 1.8
,32B,18	 2.1
,64B,19	 4.0
,128B,20	 9.6
,256B,20	13.9
,512B,20	15.2
,1K,20	21.5
,2K,20	27.2
,4K,20	41.3
,8K,20	14.1
,16K,20	12.4
,32K,20	12.4
,64K,20	12.1
,128K,20	 5.9
,256K,19	 3.9
,512K,18	 1.9
,1M,14	 0.7
,2M,-6	 0.1
,4M,4	 0.1
,
16M,4B,18	 1.6
,8B,18	 1.7
,16B,18	 1.8
,32B,18	 2.2
,64B,19	 4.5
,128B,20	15.5
,256B,20	25.1
,512B,20	31.0
,1K,20	38.1
,2K,20	51.8
,4K,20	60.4
,8K,20	37.8
,16K,20	12.3
,32K,20	12.3
,64K,20	12.3
,128K,20	11.9
,256K,20	 6.4
,512K,19	 3.0
,1M,18	 2.0
,2M,14	 0.7
,4M,-6	 0.1
,8M,4	 0.1
,
32M,4B,18	 1.6
,8B,18	 1.7
,16B,18	 1.8
,32B,18	 2.3
,64B,19	 4.5
,128B,20	16.8
,256B,20	28.0
,512B,20	35.6
,1K,20	45.0
,2K,20	70.1
,4K,20	82.2
,8K,20	59.6
,16K,20	37.8
,32K,20	13.4
,64K,20	12.3
,128K,20	12.3
,256K,20	11.7
,512K,20	 6.7
,1M,19	 3.0
,2M,18	 2.0
,4M,14	 0.7
,8M,-6	 0.1
,16M,4	 0.1
,
64M,4B,18	 1.7
,8B,18	 1.7
,16B,18	 1.8
,32B,18	 2.3
,64B,19	 4.6
,128B,20	17.0
,256B,20	29.1
,512B,20	37.3
,1K,20	47.7
,2K,20	79.5
,4K,20	91.7
,8K,20	85.1
,16K,20	59.6
,32K,20	41.1
,64K,20	16.6
,128K,20	12.7
,256K,20	12.7
,512K,20	12.0
,1M,20	 6.1
,2M,19	 3.1
,4M,18	 2.0
,8M,14	 0.8
,16M,-6	 0.1
,32M,4	 0.1
,
