baadalvm@baadalvm:~/Documents/col718/lab3/Memory-Organization-Hennesey-master$ time ./hp
 ,4B,8B,16B,32B,64B,128B,256B,512B,1K,2K,4K,8K,16K,32K,64K,128K,256K,512K,1M,2M,4M,8M,16M,32M,
4K, 2.1, 2.0, 2.1, 2.0, 2.1, 1.2, 0.7, 0.5, 0.4, 1.0,
8K, 2.1, 2.0, 2.0, 2.1, 2.1, 2.0, 1.1, 0.7, 0.5, 0.4, 1.0,
16K, 2.0, 2.0, 2.0, 2.1, 2.1, 2.0, 2.0, 1.2, 0.7, 0.5, 0.4, 1.0,
32K, 2.1, 2.0, 2.1, 2.1, 2.2, 2.1, 2.0, 2.0, 1.2, 0.7, 0.5, 0.4, 1.0,
64K, 2.1, 2.1, 2.1, 2.1, 4.4, 4.6, 4.5, 4.4, 4.3, 2.4, 1.5, 0.5, 0.5, 1.0,
128K, 2.0, 2.0, 2.0, 2.1, 4.4, 4.4, 4.4, 4.4, 4.4, 4.4, 2.5, 1.6, 0.4, 0.4, 1.0,
256K, 2.0, 2.0, 2.0, 2.0, 4.3, 6.0, 7.0, 7.1, 7.5, 9.8, 9.8, 2.5, 1.5, 0.5, 0.5, 1.0,
512K, 2.0, 2.0, 2.1, 2.1, 4.4, 6.5,10.4,11.8,14.4,17.2,18.8,15.1, 4.0, 2.6, 1.1, 0.4, 0.9,
1M, 2.0, 2.0, 2.0, 2.1, 4.5, 6.5,10.5,12.6,15.3,18.2,19.7,19.3,16.2, 6.0, 2.7, 1.1, 0.5, 1.0,
2M, 2.0, 2.0, 2.1, 2.1, 4.5, 6.8,11.0,12.2,14.8,18.0,19.4,20.4,18.4,14.3, 5.8, 2.6, 1.1, 0.4, 1.0,
4M, 2.0, 2.0, 2.0, 2.2, 4.6, 6.8,11.0,12.5,15.1,18.1,19.7,19.8,19.8,20.0,13.5, 3.9, 2.6, 1.1, 0.4, 1.0,
8M, 2.0, 2.0, 2.1, 2.2, 4.7, 6.8,10.9,12.8,16.2,20.9,25.6,26.3,26.8,27.3,25.3,19.0,11.7, 6.3, 1.1, 0.4, 0.9,
16M, 2.0, 2.1, 2.3, 2.4, 5.1, 7.3,12.4,14.0,17.7,22.1,27.4,27.9,28.8,31.6,30.1,29.9,23.7,14.7, 7.5, 1.1, 0.4, 0.9,
32M, 2.1, 2.2, 2.7, 4.0, 8.3,25.3,36.3,38.5,44.0,51.8,55.1,28.7,29.4,31.6,31.1,31.0,30.6,21.4,14.2, 7.4, 1.1, 0.4, 0.9,
64M, 2.1, 2.3, 2.9, 4.6, 9.8,30.0,51.0,63.7,80.7,101.7,113.5,60.3,34.4,37.8,34.8,34.0,34.0,30.0,23.9,15.4, 7.5, 1.1, 0.3, 0.9,

real    98m0.924s
user    95m53.136s
sys     2m7.562s
baadalvm@baadalvm:~/Documents/col718/lab3/Memory-Organization-Hennesey-master$
